x [*] :=
 1  0.0909091
 2  0.0909091
 3  0.0909091
 4  0.0909091
 5  0.0909091
 6  0.0909091
 7  0.0909091
 8  0.0909091
 9  0.0909091
10  0.0909091
;

Artelys Knitro 14.0.0: 
=======================================
          Commercial License
         Artelys Knitro 14.0.0
=======================================

Knitro presolve eliminated 0 variables and 0 constraints.

concurrent_evals:        0
datacheck:               0
hessian_no_f:            1
The problem is identified as unconstrained.

Problem Characteristics                                 (   Presolved)
-----------------------
Objective goal:  Minimize
Objective type:  general
Number of variables:                                 10 (          10)
    bounded below only:                               0 (           0)
    bounded above only:                               0 (           0)
    bounded below and above:                          0 (           0)
    fixed:                                            0 (           0)
    free:                                            10 (          10)
Number of constraints:                                0 (           0)
    linear equalities:                                0 (           0)
    quadratic equalities:                             0 (           0)
    gen. nonlinear equalities:                        0 (           0)
    linear one-sided inequalities:                    0 (           0)
    quadratic one-sided inequalities:                 0 (           0)
    gen. nonlinear one-sided inequalities:            0 (           0)
    linear two-sided inequalities:                    0 (           0)
    quadratic two-sided inequalities:                 0 (           0)
    gen. nonlinear two-sided inequalities:            0 (           0)
Number of nonzeros in Jacobian:                       0 (           0)
Number of nonzeros in Hessian:                       19 (          19)

Knitro using the Interior-Point/Barrier Direct algorithm.

  Iter      Objective      FeasError   OptError    ||Step||    CGits 
--------  --------------  ----------  ----------  ----------  -------
       0    1.358514e+01   0.000e+00
      10    2.630677e+00   0.000e+00   6.453e+00   2.903e-01        0
      20    2.218585e-03   0.000e+00   5.967e-01   1.026e-01        0
      24    4.420772e-18   0.000e+00   3.366e-08   2.460e-05        0

EXIT: Locally optimal solution found.

Final Statistics
----------------
Final objective value               =   4.42077244066683e-18
Final feasibility error (abs / rel) =   0.00e+00 / 0.00e+00
Final optimality error  (abs / rel) =   3.37e-08 / 3.37e-08
# of iterations                     =         24 
# of CG iterations                  =         15 
# of function evaluations           =         30
# of gradient evaluations           =         25
# of Hessian evaluations            =         24
Total program time (secs)           =       0.014 (     0.000 CPU time)
Time spent in evaluations (secs)    =       0.000

===============================================================================

Knitro 14.0.0: Locally optimal or satisfactory solution.
objective 4.420772441e-18; feasibility error 0
24 iterations; 30 function evaluations

suffix feaserror OUT;
suffix opterror OUT;
suffix numfcevals OUT;
suffix numiters OUT;
x [*] :=
 1  1
 2  1
 3  1
 4  1
 5  1
 6  1
 7  1
 8  1
 9  1
10  1
;

