Artelys Knitro 14.0.0: 
=======================================
          Commercial License
         Artelys Knitro 14.0.0
=======================================

Knitro presolve eliminated 0 variables and 0 constraints.

concurrent_evals:        0
datacheck:               0
hessian_no_f:            1
The problem is identified as unconstrained.

Problem Characteristics                                 (   Presolved)
-----------------------
Objective goal:  Minimize
Objective type:  general
Number of variables:                                  2 (           2)
    bounded below only:                               0 (           0)
    bounded above only:                               0 (           0)
    bounded below and above:                          0 (           0)
    fixed:                                            0 (           0)
    free:                                             2 (           2)
Number of constraints:                                0 (           0)
    linear equalities:                                0 (           0)
    quadratic equalities:                             0 (           0)
    gen. nonlinear equalities:                        0 (           0)
    linear one-sided inequalities:                    0 (           0)
    quadratic one-sided inequalities:                 0 (           0)
    gen. nonlinear one-sided inequalities:            0 (           0)
    linear two-sided inequalities:                    0 (           0)
    quadratic two-sided inequalities:                 0 (           0)
    gen. nonlinear two-sided inequalities:            0 (           0)
Number of nonzeros in Jacobian:                       0 (           0)
Number of nonzeros in Hessian:                        3 (           3)

Knitro using the Interior-Point/Barrier Direct algorithm.

  Iter      Objective      FeasError   OptError    ||Step||    CGits 
--------  --------------  ----------  ----------  ----------  -------
       0    1.420313e+01   0.000e+00
       6    9.449238e-02   0.000e+00   3.604e-08   6.387e-05        0

EXIT: Locally optimal solution found.

Final Statistics
----------------
Final objective value               =   9.44923810441798e-02
Final feasibility error (abs / rel) =   0.00e+00 / 0.00e+00
Final optimality error  (abs / rel) =   3.60e-08 / 3.60e-08
# of iterations                     =          6 
# of CG iterations                  =          1 
# of function evaluations           =          7
# of gradient evaluations           =          7
# of Hessian evaluations            =          6
Total program time (secs)           =       0.033 (     0.000 CPU time)
Time spent in evaluations (secs)    =       0.000

===============================================================================

Knitro 14.0.0: Locally optimal or satisfactory solution.
objective 0.09449238104; feasibility error 0
6 iterations; 7 function evaluations

suffix feaserror OUT;
suffix opterror OUT;
suffix numfcevals OUT;
suffix numiters OUT;
x [*] :=
1  2.74428
2  0.364845
;

